Base path: C:/Program Files/Unity/Hub/Editor/2018.3.14f1/Editor/Data
Cmd: initializeCompiler
Cmd: compileComputeKernel
  api=4 insize=14379 outsize=85333 ok=1
Cmd: compileComputeKernel
  api=4 insize=14379 outsize=59653 ok=1
Cmd: compileComputeKernel
  api=4 insize=14379 outsize=21377 ok=1
Cmd: compileComputeKernel
  api=4 insize=14379 outsize=40345 ok=1
Cmd: compileComputeKernel
  api=4 insize=14379 outsize=69501 ok=1
Cmd: compileComputeKernel
  api=4 insize=14379 outsize=32497 ok=1
Cmd: compileComputeKernel
  api=4 insize=14379 outsize=88821 ok=1
Cmd: compileComputeKernel
  api=4 insize=26814 outsize=16081 ok=1
Cmd: compileComputeKernel
  api=4 insize=2059 outsize=1517 ok=1
Cmd: compileComputeKernel
  api=4 insize=2711 outsize=1517 ok=1
Cmd: compileComputeKernel
  api=4 insize=2780 outsize=48145 ok=1
Cmd: compileComputeKernel
  api=4 insize=7431 outsize=4897 ok=1
Cmd: compileComputeKernel
  api=4 insize=4845 outsize=3733 ok=1
Cmd: compileComputeKernel
  api=4 insize=3396 outsize=2581 ok=1
Cmd: compileComputeKernel
  api=4 insize=18299 outsize=8925 ok=1
Cmd: compileComputeKernel
  api=4 insize=18299 outsize=10769 ok=1
Cmd: compileComputeKernel
  api=4 insize=19063 outsize=13729 ok=1
Cmd: compileComputeKernel
  api=4 insize=1806 outsize=1389 ok=1
Cmd: compileComputeKernel
  api=4 insize=692 outsize=573 ok=1
Cmd: compileComputeKernel
  api=4 insize=34758 outsize=35961 ok=1
Cmd: compileComputeKernel
  api=4 insize=34758 outsize=35261 ok=1
Cmd: compileComputeKernel
  api=4 insize=8350 outsize=2945 ok=1
Cmd: compileComputeKernel
  api=4 insize=16360 outsize=7029 ok=1
Cmd: compileComputeKernel
  api=4 insize=2044 outsize=1037 ok=1
Cmd: compileComputeKernel
  api=4 insize=16866 outsize=6121 ok=1
Cmd: compileComputeKernel
  api=4 insize=16866 outsize=6625 ok=1
Cmd: compileComputeKernel
  api=4 insize=16866 outsize=8469 ok=1
Cmd: compileComputeKernel
  api=4 insize=16866 outsize=9301 ok=1
Cmd: compileComputeKernel
  api=4 insize=16866 outsize=6685 ok=1
Cmd: compileComputeKernel
  api=4 insize=16866 outsize=8077 ok=1
Cmd: compileComputeKernel
  api=4 insize=16866 outsize=9941 ok=1
Cmd: compileComputeKernel
  api=4 insize=16866 outsize=10773 ok=1
Cmd: compileComputeKernel
  api=4 insize=3145 outsize=4301 ok=1
Cmd: compileComputeKernel
  api=4 insize=1192 outsize=541 ok=1
Cmd: initializeCompiler
Cmd: compileComputeKernel
  api=4 insize=9814 outsize=3601 ok=1
Cmd: initializeCompiler
Cmd: initializeCompiler
Cmd: initializeCompiler
Cmd: initializeCompiler
Cmd: initializeCompiler
Cmd: initializeCompiler
Cmd: initializeCompiler
Cmd: initializeCompiler
Cmd: initializeCompiler
Unhandled exception: Protocol error - unexpected end of data (did the Editor crash?)

Quitting shader compiler process
